# JRE version: Java(TM) SE Runtime Environment (8.0_101-b13) (build 1.8.0_101-b13)
# Java VM: Java HotSpot(TM) 64-Bit Server VM (25.101-b13 mixed mode windows-amd64 compressed oops)
Heap:
 PSYoungGen      total 375296K, used 53243K [0x00000000e0000000, 0x00000000f9a80000, 0x0000000100000000)
  eden space 365568K, 11% used [0x00000000e0000000,0x00000000e2aae470,0x00000000f6500000)
  from space 9728K, 98% used [0x00000000f7700000,0x00000000f8050af0,0x00000000f8080000)
  to   space 23552K, 0% used [0x00000000f8380000,0x00000000f8380000,0x00000000f9a80000)
 ParOldGen       total 92160K, used 64450K [0x00000000a0000000, 0x00000000a5a00000, 0x00000000e0000000)
  object space 92160K, 69% used [0x00000000a0000000,0x00000000a3ef09b0,0x00000000a5a00000)
 Metaspace       used 75356K, capacity 82052K, committed 82264K, reserved 1122304K
  class space    used 9548K, capacity 10235K, committed 10328K, reserved 1048576K
GC Heap History (10 events):
Event: 6545.668 GC heap before
{Heap before GC invocations=69 (full 4):
 PSYoungGen      total 394752K, used 387592K [0x00000000e0000000, 0x00000000fa800000, 0x0000000100000000)
  eden space 379904K, 100% used [0x00000000e0000000,0x00000000f7300000,0x00000000f7300000)
  from space 14848K, 51% used [0x00000000f9980000,0x00000000fa1022e8,0x00000000fa800000)
  to   space 27136K, 0% used [0x00000000f7300000,0x00000000f7300000,0x00000000f8d80000)
 ParOldGen       total 92160K, used 64050K [0x00000000a0000000, 0x00000000a5a00000, 0x00000000e0000000)
  object space 92160K, 69% used [0x00000000a0000000,0x00000000a3e8c9b0,0x00000000a5a00000)
 Metaspace       used 73401K, capacity 79784K, committed 79960K, reserved 1120256K
  class space    used 9324K, capacity 10019K, committed 10072K, reserved 1048576K
Event: 6546.782 GC heap after
Heap after GC invocations=69 (full 4):
 PSYoungGen      total 407040K, used 15083K [0x00000000e0000000, 0x00000000fcb00000, 0x0000000100000000)
  eden space 379904K, 0% used [0x00000000e0000000,0x00000000e0000000,0x00000000f7300000)
  from space 27136K, 55% used [0x00000000f7300000,0x00000000f81bac40,0x00000000f8d80000)
  to   space 26624K, 0% used [0x00000000fb100000,0x00000000fb100000,0x00000000fcb00000)
 ParOldGen       total 92160K, used 64058K [0x00000000a0000000, 0x00000000a5a00000, 0x00000000e0000000)
  object space 92160K, 69% used [0x00000000a0000000,0x00000000a3e8e9b0,0x00000000a5a00000)
 Metaspace       used 73401K, capacity 79784K, committed 79960K, reserved 1120256K
  class space    used 9324K, capacity 10019K, committed 10072K, reserved 1048576K
}
Event: 6658.373 GC heap before
{Heap before GC invocations=70 (full 4):
 PSYoungGen      total 407040K, used 394987K [0x00000000e0000000, 0x00000000fcb00000, 0x0000000100000000)
  eden space 379904K, 100% used [0x00000000e0000000,0x00000000f7300000,0x00000000f7300000)
  from space 27136K, 55% used [0x00000000f7300000,0x00000000f81bac40,0x00000000f8d80000)
  to   space 26624K, 0% used [0x00000000fb100000,0x00000000fb100000,0x00000000fcb00000)
 ParOldGen       total 92160K, used 64058K [0x00000000a0000000, 0x00000000a5a00000, 0x00000000e0000000)
  object space 92160K, 69% used [0x00000000a0000000,0x00000000a3e8e9b0,0x00000000a5a00000)
 Metaspace       used 73453K, capacity 79872K, committed 79960K, reserved 1120256K
  class space    used 9332K, capacity 10027K, committed 10072K, reserved 1048576K
Event: 6658.449 GC heap after
Heap after GC invocations=70 (full 4):
 PSYoungGen      total 374272K, used 11771K [0x00000000e0000000, 0x00000000fbc80000, 0x0000000100000000)
  eden space 362496K, 0% used [0x00000000e0000000,0x00000000e0000000,0x00000000f6200000)
  from space 11776K, 99% used [0x00000000fb100000,0x00000000fbc7ee78,0x00000000fbc80000)
  to   space 25600K, 0% used [0x00000000f8a80000,0x00000000f8a80000,0x00000000fa380000)
 ParOldGen       total 92160K, used 64426K [0x00000000a0000000, 0x00000000a5a00000, 0x00000000e0000000)
  object space 92160K, 69% used [0x00000000a0000000,0x00000000a3eea9b0,0x00000000a5a00000)
 Metaspace       used 73453K, capacity 79872K, committed 79960K, reserved 1120256K
  class space    used 9332K, capacity 10027K, committed 10072K, reserved 1048576K
}
Event: 6730.536 GC heap before
{Heap before GC invocations=71 (full 4):
 PSYoungGen      total 374272K, used 373062K [0x00000000e0000000, 0x00000000fbc80000, 0x0000000100000000)
  eden space 362496K, 99% used [0x00000000e0000000,0x00000000f60d2b98,0x00000000f6200000)
  from space 11776K, 99% used [0x00000000fb100000,0x00000000fbc7ee78,0x00000000fbc80000)
  to   space 25600K, 0% used [0x00000000f8a80000,0x00000000f8a80000,0x00000000fa380000)
 ParOldGen       total 92160K, used 64426K [0x00000000a0000000, 0x00000000a5a00000, 0x00000000e0000000)
  object space 92160K, 69% used [0x00000000a0000000,0x00000000a3eea9b0,0x00000000a5a00000)
 Metaspace       used 73530K, capacity 80024K, committed 80216K, reserved 1120256K
  class space    used 9340K, capacity 10035K, committed 10072K, reserved 1048576K
Event: 6731.159 GC heap after
Heap after GC invocations=71 (full 4):
 PSYoungGen      total 361984K, used 15608K [0x00000000e0000000, 0x00000000fb180000, 0x0000000100000000)
  eden space 346112K, 0% used [0x00000000e0000000,0x00000000e0000000,0x00000000f5200000)
  from space 15872K, 98% used [0x00000000f8a80000,0x00000000f99be0c0,0x00000000f9a00000)
  to   space 24064K, 0% used [0x00000000f9a00000,0x00000000f9a00000,0x00000000fb180000)
 ParOldGen       total 92160K, used 64434K [0x00000000a0000000, 0x00000000a5a00000, 0x00000000e0000000)
  object space 92160K, 69% used [0x00000000a0000000,0x00000000a3eec9b0,0x00000000a5a00000)
 Metaspace       used 73530K, capacity 80024K, committed 80216K, reserved 1120256K
  class space    used 9340K, capacity 10035K, committed 10072K, reserved 1048576K
}
Event: 13337.298 GC heap before
{Heap before GC invocations=72 (full 4):
 PSYoungGen      total 361984K, used 361720K [0x00000000e0000000, 0x00000000fb180000, 0x0000000100000000)
  eden space 346112K, 100% used [0x00000000e0000000,0x00000000f5200000,0x00000000f5200000)
  from space 15872K, 98% used [0x00000000f8a80000,0x00000000f99be0c0,0x00000000f9a00000)
  to   space 24064K, 0% used [0x00000000f9a00000,0x00000000f9a00000,0x00000000fb180000)
 ParOldGen       total 92160K, used 64434K [0x00000000a0000000, 0x00000000a5a00000, 0x00000000e0000000)
  object space 92160K, 69% used [0x00000000a0000000,0x00000000a3eec9b0,0x00000000a5a00000)
 Metaspace       used 74320K, capacity 80946K, committed 81112K, reserved 1120256K
  class space    used 9464K, capacity 10156K, committed 10200K, reserved 1048576K
Event: 13340.755 GC heap after
Heap after GC invocations=72 (full 4):
 PSYoungGen      total 344064K, used 13038K [0x00000000e0000000, 0x00000000fa700000, 0x0000000100000000)
  eden space 330752K, 0% used [0x00000000e0000000,0x00000000e0000000,0x00000000f4300000)
  from space 13312K, 97% used [0x00000000f9a00000,0x00000000fa6bba40,0x00000000fa700000)
  to   space 24576K, 0% used [0x00000000f7700000,0x00000000f7700000,0x00000000f8f00000)
 ParOldGen       total 92160K, used 64442K [0x00000000a0000000, 0x00000000a5a00000, 0x00000000e0000000)
  object space 92160K, 69% used [0x00000000a0000000,0x00000000a3eee9b0,0x00000000a5a00000)
 Metaspace       used 74320K, capacity 80946K, committed 81112K, reserved 1120256K
  class space    used 9464K, capacity 10156K, committed 10200K, reserved 1048576K
}
Event: 13384.635 GC heap before
{Heap before GC invocations=73 (full 4):
 PSYoungGen      total 344064K, used 343790K [0x00000000e0000000, 0x00000000fa700000, 0x0000000100000000)
  eden space 330752K, 100% used [0x00000000e0000000,0x00000000f4300000,0x00000000f4300000)
  from space 13312K, 97% used [0x00000000f9a00000,0x00000000fa6bba40,0x00000000fa700000)
  to   space 24576K, 0% used [0x00000000f7700000,0x00000000f7700000,0x00000000f8f00000)
 ParOldGen       total 92160K, used 64442K [0x00000000a0000000, 0x00000000a5a00000, 0x00000000e0000000)
  object space 92160K, 69% used [0x00000000a0000000,0x00000000a3eee9b0,0x00000000a5a00000)
 Metaspace       used 75349K, capacity 82052K, committed 82264K, reserved 1122304K
  class space    used 9548K, capacity 10235K, committed 10328K, reserved 1048576K
Event: 13386.054 GC heap after
Heap after GC invocations=73 (full 4):
 PSYoungGen      total 375296K, used 9538K [0x00000000e0000000, 0x00000000f9a80000, 0x0000000100000000)
  eden space 365568K, 0% used [0x00000000e0000000,0x00000000e0000000,0x00000000f6500000)
  from space 9728K, 98% used [0x00000000f7700000,0x00000000f8050af0,0x00000000f8080000)
  to   space 23552K, 0% used [0x00000000f8380000,0x00000000f8380000,0x00000000f9a80000)
 ParOldGen       total 92160K, used 64450K [0x00000000a0000000, 0x00000000a5a00000, 0x00000000e0000000)
  object space 92160K, 69% used [0x00000000a0000000,0x00000000a3ef09b0,0x00000000a5a00000)
 Metaspace       used 75349K, capacity 82052K, committed 82264K, reserved 1122304K
  class space    used 9548K, capacity 10235K, committed 10328K, reserved 1048576K
}

